<?xml version="1.0" encoding="UTF-8"?>
<testsuite xmlns:xsi="http://www.w3.org/2001/XMLSchema-instance" xsi:noNamespaceSchemaLocation="https://maven.apache.org/surefire/maven-surefire-plugin/xsd/surefire-test-report.xsd" version="3.0.2" name="io.github.sumitsharansatsangi.GlobalDigitalAddressTest" time="0.029" tests="3" errors="0" skipped="0" failures="0">
  <properties>
[...]
</properties>
  <testcase name="invalidInputs_throwHelpfulExceptions" classname="io.github.sumitsharansatsangi.GlobalDigitalAddressTest" time="0.015"/>
  <testcase name="approxCellSize_decreasesWithLevels" classname="io.github.sumitsharansatsangi.GlobalDigitalAddressTest" time="0.005"/>
  <testcase name="encodeDecode_roundtrip_isReasonablyAccurate" classname="io.github.sumitsharansatsangi.GlobalDigitalAddressTest" time="0.002"/>
</testsuite>